Unity Editor version:    2022.3.11f1 (d00248457e15)
Branch:                  2022.3/staging
Build type:              Release
Batch mode:              NO
macOS version:           Version 14.0 (Build 23A344)
Darwin version:          23.0.0
Architecture:            arm64
Running under Rosetta:   NO
Available memory:        16384 MB
[Licensing::Module] Trying to connect to existing licensing client channel...
[Licensing::IpcConnector] Successfully connected to the License Client on channel: "LicenseClient-huangqiang" at "2023-11-07T16:28:57.783149Z"
[Licensing::Client] Handshaking with LicensingClient:
  Version:                 1.14.0+57f231c
  Session Id:              be696795d206494a8980aa1af352ec51
  Correlation Id:          dbd61dbf1798b7e2d344e568baf4090f
  External correlation Id: 234733787029015387
  Machine Id:              pSXMRFEewunHKt1X0FNjhw6cXF0=
[Licensing::Module] Successfully connected to LicensingClient on channel: "LicenseClient-huangqiang" (connect: 0.00s, validation: 0.01s, handshake: 0.23s)
[Licensing::IpcConnector] Successfully connected to the License Notification on channel: "LicenseClient-huangqiang-notifications" at "2023-11-07T16:28:58.025126Z"
[Licensing::Module] Error: Access token is unavailable; failed to update
[Licensing::Client] Successfully updated license
[Licensing::Client] Successfully resolved entitlements
[Licensing::Module] Serial number assigned to: "F4-MSRW-6PGC-KKMS-6PZS-XXXX"
Pro License: NO
Launching external process: /Applications/Unity/Hub/Editor/2022.3.11f1/Unity.app/Contents/Resources/PackageManager/Server/UnityPackageManager

COMMAND LINE ARGUMENTS:
/Applications/Unity/Hub/Editor/2022.3.11f1/Unity.app/Contents/MacOS/Unity
-quit
-projectPath
/Users/huangqiang/RiderProjects/UOS_iOS
-executeMethod
Game._Script.AOT.Editor.BuildPipeline_Update.UpdateiOS
-logFile
/Users/huangqiang/RiderProjects/UOS_iOS/UnityBuildLog.log
Successfully changed project path to: /Users/huangqiang/RiderProjects/UOS_iOS
/Users/huangqiang/RiderProjects/UOS_iOS
[UnityMemory] Configuration Parameters - Can be set up in boot.config
    "memorysetup-bucket-allocator-granularity=16"
    "memorysetup-bucket-allocator-bucket-count=8"
    "memorysetup-bucket-allocator-block-size=33554432"
    "memorysetup-bucket-allocator-block-count=8"
    "memorysetup-main-allocator-block-size=16777216"
    "memorysetup-thread-allocator-block-size=16777216"
    "memorysetup-gfx-main-allocator-block-size=16777216"
    "memorysetup-gfx-thread-allocator-block-size=16777216"
    "memorysetup-cache-allocator-block-size=4194304"
    "memorysetup-typetree-allocator-block-size=2097152"
    "memorysetup-profiler-bucket-allocator-granularity=16"
    "memorysetup-profiler-bucket-allocator-bucket-count=8"
    "memorysetup-profiler-bucket-allocator-block-size=33554432"
    "memorysetup-profiler-bucket-allocator-block-count=8"
    "memorysetup-profiler-allocator-block-size=16777216"
    "memorysetup-profiler-editor-allocator-block-size=1048576"
    "memorysetup-temp-allocator-size-main=16777216"
    "memorysetup-job-temp-allocator-block-size=2097152"
    "memorysetup-job-temp-allocator-block-size-background=1048576"
    "memorysetup-job-temp-allocator-reduction-small-platforms=262144"
    "memorysetup-allocator-temp-initial-block-size-main=262144"
    "memorysetup-allocator-temp-initial-block-size-worker=262144"
    "memorysetup-temp-allocator-size-background-worker=32768"
    "memorysetup-temp-allocator-size-job-worker=262144"
    "memorysetup-temp-allocator-size-preload-manager=33554432"
    "memorysetup-temp-allocator-size-nav-mesh-worker=65536"
    "memorysetup-temp-allocator-size-audio-worker=65536"
    "memorysetup-temp-allocator-size-cloud-worker=32768"
    "memorysetup-temp-allocator-size-gi-baking-worker=262144"
    "memorysetup-temp-allocator-size-gfx=262144"
Player connection [8138019584] Host "[IP] 192.168.8.210 [Port] 55496 [Flags] 2 [Guid] 2295613145 [EditorId] 2295613145 [Version] 1048832 [Id] OSXEditor(0,huangqiangdeMBP.lan) [Debug] 1 [PackageName] OSXEditor [ProjectName] Editor" joined multi-casting on [225.0.0.222:54997]...

Player connection [8138019584] Host "[IP] 192.168.8.210 [Port] 55496 [Flags] 2 [Guid] 2295613145 [EditorId] 2295613145 [Version] 1048832 [Id] OSXEditor(0,huangqiangdeMBP.lan) [Debug] 1 [PackageName] OSXEditor [ProjectName] Editor" joined alternative multi-casting on [225.0.0.222:34997]...

[Physics::Module] Initialized MultithreadedJobDispatcher with 7 workers.
[Package Manager] UpmClient::Connect -- Connected to IPC stream "Upm-23839" after 1.6 seconds.
[Licensing::Client] Successfully resolved entitlements
[Package Manager] Restoring resolved packages state from cache
[Licensing::Client] Successfully resolved entitlement details
[Package Manager] Registered 61 packages:
  Packages from [https://package.openupm.cn]:
    com.tuyoogame.yooasset@1.5.0 (location: /Users/huangqiang/RiderProjects/UOS_iOS/Library/PackageCache/com.tuyoogame.yooasset@1.5.0)
  Packages from [https://packages.unity.com]:
    com.unity.2d.animation@9.0.4 (location: /Users/huangqiang/RiderProjects/UOS_iOS/Library/PackageCache/com.unity.2d.animation@9.0.4)
    com.unity.ai.navigation@1.1.5 (location: /Users/huangqiang/RiderProjects/UOS_iOS/Library/PackageCache/com.unity.ai.navigation@1.1.5)
    com.unity.cinemachine@2.9.5 (location: /Users/huangqiang/RiderProjects/UOS_iOS/Library/PackageCache/com.unity.cinemachine@2.9.5)
    com.unity.device-simulator.devices@1.0.0 (location: /Users/huangqiang/RiderProjects/UOS_iOS/Library/PackageCache/com.unity.device-simulator.devices@1.0.0)
    com.unity.ide.rider@3.0.26 (location: /Users/huangqiang/RiderProjects/UOS_iOS/Library/PackageCache/com.unity.ide.rider@3.0.26)
    com.unity.inputsystem@1.7.0 (location: /Users/huangqiang/RiderProjects/UOS_iOS/Library/PackageCache/com.unity.inputsystem@1.7.0)
    com.unity.memoryprofiler@1.1.0 (location: /Users/huangqiang/RiderProjects/UOS_iOS/Library/PackageCache/com.unity.memoryprofiler@1.1.0)
    com.unity.test-framework@1.1.33 (location: /Users/huangqiang/RiderProjects/UOS_iOS/Library/PackageCache/com.unity.test-framework@1.1.33)
    com.unity.textmeshpro@3.0.6 (location: /Users/huangqiang/RiderProjects/UOS_iOS/Library/PackageCache/com.unity.textmeshpro@3.0.6)
    com.unity.timeline@1.7.6 (location: /Users/huangqiang/RiderProjects/UOS_iOS/Library/PackageCache/com.unity.timeline@1.7.6)
    com.unity.ext.nunit@1.0.6 (location: /Users/huangqiang/RiderProjects/UOS_iOS/Library/PackageCache/com.unity.ext.nunit@1.0.6)
    com.unity.mathematics@1.2.6 (location: /Users/huangqiang/RiderProjects/UOS_iOS/Library/PackageCache/com.unity.mathematics@1.2.6)
    com.unity.burst@1.8.9 (location: /Users/huangqiang/RiderProjects/UOS_iOS/Library/PackageCache/com.unity.burst@1.8.9)
    com.unity.editorcoroutines@1.0.0 (location: /Users/huangqiang/RiderProjects/UOS_iOS/Library/PackageCache/com.unity.editorcoroutines@1.0.0)
    com.unity.2d.common@8.0.1 (location: /Users/huangqiang/RiderProjects/UOS_iOS/Library/PackageCache/com.unity.2d.common@8.0.1)
    com.unity.collections@1.2.4 (location: /Users/huangqiang/RiderProjects/UOS_iOS/Library/PackageCache/com.unity.collections@1.2.4)
    com.unity.scriptablebuildpipeline@1.21.20 (location: /Users/huangqiang/RiderProjects/UOS_iOS/Library/PackageCache/com.unity.scriptablebuildpipeline@1.21.20)
    com.unity.searcher@4.9.2 (location: /Users/huangqiang/RiderProjects/UOS_iOS/Library/PackageCache/com.unity.searcher@4.9.2)
  Built-in packages:
    com.unity.2d.sprite@1.0.0 (location: /Users/huangqiang/RiderProjects/UOS_iOS/Library/PackageCache/com.unity.2d.sprite@1.0.0)
    com.unity.render-pipelines.universal@14.0.9 (location: /Users/huangqiang/RiderProjects/UOS_iOS/Library/PackageCache/com.unity.render-pipelines.universal@14.0.9)
    com.unity.ugui@1.0.0 (location: /Users/huangqiang/RiderProjects/UOS_iOS/Library/PackageCache/com.unity.ugui@1.0.0)
    com.unity.modules.ai@1.0.0 (location: /Users/huangqiang/RiderProjects/UOS_iOS/Library/PackageCache/com.unity.modules.ai@1.0.0)
    com.unity.modules.androidjni@1.0.0 (location: /Users/huangqiang/RiderProjects/UOS_iOS/Library/PackageCache/com.unity.modules.androidjni@1.0.0)
    com.unity.modules.animation@1.0.0 (location: /Users/huangqiang/RiderProjects/UOS_iOS/Library/PackageCache/com.unity.modules.animation@1.0.0)
    com.unity.modules.assetbundle@1.0.0 (location: /Users/huangqiang/RiderProjects/UOS_iOS/Library/PackageCache/com.unity.modules.assetbundle@1.0.0)
    com.unity.modules.audio@1.0.0 (location: /Users/huangqiang/RiderProjects/UOS_iOS/Library/PackageCache/com.unity.modules.audio@1.0.0)
    com.unity.modules.cloth@1.0.0 (location: /Users/huangqiang/RiderProjects/UOS_iOS/Library/PackageCache/com.unity.modules.cloth@1.0.0)
    com.unity.modules.director@1.0.0 (location: /Users/huangqiang/RiderProjects/UOS_iOS/Library/PackageCache/com.unity.modules.director@1.0.0)
    com.unity.modules.imageconversion@1.0.0 (location: /Users/huangqiang/RiderProjects/UOS_iOS/Library/PackageCache/com.unity.modules.imageconversion@1.0.0)
    com.unity.modules.imgui@1.0.0 (location: /Users/huangqiang/RiderProjects/UOS_iOS/Library/PackageCache/com.unity.modules.imgui@1.0.0)
    com.unity.modules.jsonserialize@1.0.0 (location: /Users/huangqiang/RiderProjects/UOS_iOS/Library/PackageCache/com.unity.modules.jsonserialize@1.0.0)
    com.unity.modules.particlesystem@1.0.0 (location: /Users/huangqiang/RiderProjects/UOS_iOS/Library/PackageCache/com.unity.modules.particlesystem@1.0.0)
    com.unity.modules.physics@1.0.0 (location: /Users/huangqiang/RiderProjects/UOS_iOS/Library/PackageCache/com.unity.modules.physics@1.0.0)
    com.unity.modules.physics2d@1.0.0 (location: /Users/huangqiang/RiderProjects/UOS_iOS/Library/PackageCache/com.unity.modules.physics2d@1.0.0)
    com.unity.modules.screencapture@1.0.0 (location: /Users/huangqiang/RiderProjects/UOS_iOS/Library/PackageCache/com.unity.modules.screencapture@1.0.0)
    com.unity.modules.terrain@1.0.0 (location: /Users/huangqiang/RiderProjects/UOS_iOS/Library/PackageCache/com.unity.modules.terrain@1.0.0)
    com.unity.modules.terrainphysics@1.0.0 (location: /Users/huangqiang/RiderProjects/UOS_iOS/Library/PackageCache/com.unity.modules.terrainphysics@1.0.0)
    com.unity.modules.tilemap@1.0.0 (location: /Users/huangqiang/RiderProjects/UOS_iOS/Library/PackageCache/com.unity.modules.tilemap@1.0.0)
    com.unity.modules.ui@1.0.0 (location: /Users/huangqiang/RiderProjects/UOS_iOS/Library/PackageCache/com.unity.modules.ui@1.0.0)
    com.unity.modules.uielements@1.0.0 (location: /Users/huangqiang/RiderProjects/UOS_iOS/Library/PackageCache/com.unity.modules.uielements@1.0.0)
    com.unity.modules.umbra@1.0.0 (location: /Users/huangqiang/RiderProjects/UOS_iOS/Library/PackageCache/com.unity.modules.umbra@1.0.0)
    com.unity.modules.unityanalytics@1.0.0 (location: /Users/huangqiang/RiderProjects/UOS_iOS/Library/PackageCache/com.unity.modules.unityanalytics@1.0.0)
    com.unity.modules.unitywebrequest@1.0.0 (location: /Users/huangqiang/RiderProjects/UOS_iOS/Library/PackageCache/com.unity.modules.unitywebrequest@1.0.0)
    com.unity.modules.unitywebrequestassetbundle@1.0.0 (location: /Users/huangqiang/RiderProjects/UOS_iOS/Library/PackageCache/com.unity.modules.unitywebrequestassetbundle@1.0.0)
    com.unity.modules.unitywebrequestaudio@1.0.0 (location: /Users/huangqiang/RiderProjects/UOS_iOS/Library/PackageCache/com.unity.modules.unitywebrequestaudio@1.0.0)
    com.unity.modules.unitywebrequesttexture@1.0.0 (location: /Users/huangqiang/RiderProjects/UOS_iOS/Library/PackageCache/com.unity.modules.unitywebrequesttexture@1.0.0)
    com.unity.modules.unitywebrequestwww@1.0.0 (location: /Users/huangqiang/RiderProjects/UOS_iOS/Library/PackageCache/com.unity.modules.unitywebrequestwww@1.0.0)
    com.unity.modules.vehicles@1.0.0 (location: /Users/huangqiang/RiderProjects/UOS_iOS/Library/PackageCache/com.unity.modules.vehicles@1.0.0)
    com.unity.modules.video@1.0.0 (location: /Users/huangqiang/RiderProjects/UOS_iOS/Library/PackageCache/com.unity.modules.video@1.0.0)
    com.unity.modules.vr@1.0.0 (location: /Users/huangqiang/RiderProjects/UOS_iOS/Library/PackageCache/com.unity.modules.vr@1.0.0)
    com.unity.modules.wind@1.0.0 (location: /Users/huangqiang/RiderProjects/UOS_iOS/Library/PackageCache/com.unity.modules.wind@1.0.0)
    com.unity.modules.xr@1.0.0 (location: /Users/huangqiang/RiderProjects/UOS_iOS/Library/PackageCache/com.unity.modules.xr@1.0.0)
    com.unity.modules.subsystems@1.0.0 (location: /Users/huangqiang/RiderProjects/UOS_iOS/Library/PackageCache/com.unity.modules.subsystems@1.0.0)
    com.unity.render-pipelines.core@14.0.9 (location: /Users/huangqiang/RiderProjects/UOS_iOS/Library/PackageCache/com.unity.render-pipelines.core@14.0.9)
    com.unity.shadergraph@14.0.9 (location: /Users/huangqiang/RiderProjects/UOS_iOS/Library/PackageCache/com.unity.shadergraph@14.0.9)
  Embedded packages:
    com.esotericsoftware.spine.urp-shaders@file:/Users/huangqiang/RiderProjects/UOS_iOS/Packages/com.esotericsoftware.spine.urp-shaders@8d3af4d6e3 (location: /Users/huangqiang/RiderProjects/UOS_iOS/Packages/com.esotericsoftware.spine.urp-shaders@8d3af4d6e3)
  Git packages:
    com.code-philosophy.hybridclr@https://gitee.com/focus-creative-games/hybridclr_unity.git (location: /Users/huangqiang/RiderProjects/UOS_iOS/Library/PackageCache/com.code-philosophy.hybridclr@febff1c658)
    com.cysharp.unitask@https://github.com/Cysharp/UniTask.git?path=src/UniTask/Assets/Plugins/UniTask (location: /Users/huangqiang/RiderProjects/UOS_iOS/Library/PackageCache/com.cysharp.unitask@d210e3d76a)
    com.esotericsoftware.spine.spine-csharp@https://github.com/EsotericSoftware/spine-runtimes.git?path=spine-csharp/src#4.1 (location: /Users/huangqiang/RiderProjects/UOS_iOS/Library/PackageCache/com.esotericsoftware.spine.spine-csharp@8d3af4d6e3)
    com.esotericsoftware.spine.spine-unity@https://github.com/EsotericSoftware/spine-runtimes.git?path=spine-unity/Assets/Spine#4.1 (location: /Users/huangqiang/RiderProjects/UOS_iOS/Library/PackageCache/com.esotericsoftware.spine.spine-unity@8d3af4d6e3)
[Subsystems] No new subsystems found in resolved package list.
Package Manager log level set to [2]
[Package Manager] Done registering packages in 0.17 seconds
[Licensing::Client] Successfully resolved entitlements
Refreshing native plugins compatible for Editor in 81.92 ms, found 2 plugins.
Preloading 0 native plugins for Editor in 0.00 ms.
Initialize engine version: 2022.3.11f1 (d00248457e15)
[Subsystems] Discovering subsystems at path /Applications/Unity/Hub/Editor/2022.3.11f1/Unity.app/Contents/Resources/UnitySubsystems
[Subsystems] Discovering subsystems at path /Users/huangqiang/RiderProjects/UOS_iOS/Assets
GfxDevice: creating device client; threaded=1; jobified=0
 preferred device: Apple M1 Pro (high power)
Metal devices available: 1
0: Apple M1 Pro (high power)
Using device Apple M1 Pro (high power)
Initializing Metal device caps: Apple M1 Pro
[Licensing::Client] Successfully resolved entitlements
Initialize mono
Mono path[0] = '/Applications/Unity/Hub/Editor/2022.3.11f1/Unity.app/Contents/Managed'
Mono path[1] = '/Applications/Unity/Hub/Editor/2022.3.11f1/Unity.app/Contents/MonoBleedingEdge/lib/mono/unityjit-macos'
Mono config path = '/Applications/Unity/Hub/Editor/2022.3.11f1/Unity.app/Contents/MonoBleedingEdge/etc'
Using monoOptions --debugger-agent=transport=dt_socket,embedding=1,server=y,suspend=n,address=127.0.0.1:56839
Using cacheserver namespaces - metadata:defaultmetadata, artifacts:defaultartifacts
Using cacheserver namespaces - metadata:defaultmetadata, artifacts:defaultartifacts
ImportWorker Server TCP listen port: 0
Begin MonoManager ReloadAssembly
Registering precompiled unity dll's ...
Register platform support module: /Applications/Unity/Hub/Editor/2022.3.11f1/Unity.app/Contents/PlaybackEngines/MacStandaloneSupport/UnityEditor.OSXStandalone.Extensions.dll
[Licensing::Client] Successfully resolved entitlements
Register platform support module: /Applications/Unity/Hub/Editor/2022.3.11f1/PlaybackEngines/AndroidPlayer/UnityEditor.Android.Extensions.dll
Register platform support module: /Applications/Unity/Hub/Editor/2022.3.11f1/PlaybackEngines/iOSSupport/UnityEditor.iOS.Extensions.dll
Registered in 0.015863 seconds.
- Loaded All Assemblies, in  0.472 seconds
[usbmuxd] Start listen thread
[usbmuxd] Listen thread started
[usbmuxd] Send listen message
Native extension for iOS target not found
Native extension for Android target not found
Native extension for OSXStandalone target not found
Mono: successfully reloaded assembly
- Finished resetting the current domain, in  0.249 seconds
Domain Reload Profiling: 721ms
	BeginReloadAssembly (286ms)
		ExecutionOrderSort (0ms)
		DisableScriptedObjects (0ms)
		BackupInstance (0ms)
		ReleaseScriptingObjects (0ms)
		CreateAndSetChildDomain (0ms)
	RebuildCommonClasses (27ms)
	RebuildNativeTypeToScriptingClass (8ms)
	initialDomainReloadingComplete (45ms)
	LoadAllAssembliesAndSetupDomain (105ms)
		LoadAssemblies (287ms)
		RebuildTransferFunctionScriptingTraits (0ms)
		AnalyzeDomain (103ms)
			TypeCache.Refresh (102ms)
				TypeCache.ScanAssembly (93ms)
			ScanForSourceGeneratedMonoScriptInfo (0ms)
			ResolveRequiredComponents (0ms)
	FinalizeReload (249ms)
		ReleaseScriptCaches (0ms)
		RebuildScriptCaches (0ms)
		SetupLoadedEditorAssemblies (207ms)
			LogAssemblyErrors (0ms)
			InitializePlatformSupportModulesInManaged (86ms)
			SetLoadedEditorAssemblies (3ms)
			RefreshPlugins (0ms)
			BeforeProcessingInitializeOnLoad (1ms)
			ProcessInitializeOnLoadAttributes (86ms)
			ProcessInitializeOnLoadMethodAttributes (30ms)
			AfterProcessingInitializeOnLoad (0ms)
			EditorAssembliesLoaded (0ms)
		ExecutionOrderSort2 (0ms)
		AwakeInstancesAfterBackupRestoration (0ms)
[Licensing::Client] Successfully resolved entitlements
[Licensing::Client] Successfully resolved entitlements
Application.AssetDatabase Initial Refresh Start
[40m[32minfo[39m[22m[49m: Microsoft.Hosting.Lifetime[14]
      Now listening on: http://unix:/tmp/ilpp.sock-3de95e5c8c33d360a08f38946345d85d
[40m[32minfo[39m[22m[49m: Microsoft.Hosting.Lifetime[0]
      Application started. Press Ctrl+C to shut down.
[40m[32minfo[39m[22m[49m: Microsoft.Hosting.Lifetime[0]
      Hosting environment: Production
[40m[32minfo[39m[22m[49m: Microsoft.Hosting.Lifetime[0]
      Content root path: /Users/huangqiang/RiderProjects/UOS_iOS/
[40m[32minfo[39m[22m[49m: Microsoft.AspNetCore.Hosting.Diagnostics[1]
      Request starting HTTP/2 POST http://ilpp/UnityILPP.PostProcessing/Ping application/grpc -
[40m[32minfo[39m[22m[49m: Microsoft.AspNetCore.Routing.EndpointMiddleware[0]
      Executing endpoint 'gRPC - /UnityILPP.PostProcessing/Ping'
[40m[32minfo[39m[22m[49m: Microsoft.AspNetCore.Routing.EndpointMiddleware[1]
      Executed endpoint 'gRPC - /UnityILPP.PostProcessing/Ping'
[40m[32minfo[39m[22m[49m: Microsoft.AspNetCore.Hosting.Diagnostics[2]
      Request finished HTTP/2 POST http://ilpp/UnityILPP.PostProcessing/Ping application/grpc - - 200 - application/grpc 30.5330ms
Starting: /Applications/Unity/Hub/Editor/2022.3.11f1/Unity.app/Contents/bee_backend --dont-print-to-structured-log --ipc --defer-dag-verification --dagfile="Library/Bee/900b0aEDbg.dag" --continue-on-failure --profile="Library/Bee/backend1.traceevents" ScriptAssemblies
WorkingDir: /Users/huangqiang/RiderProjects/UOS_iOS
[40m[32minfo[39m[22m[49m: Microsoft.AspNetCore.Hosting.Diagnostics[1]
      Request starting HTTP/2 POST http://ilpp/UnityILPP.PostProcessing/ConfigurePostProcessors application/grpc -
[40m[32minfo[39m[22m[49m: Microsoft.AspNetCore.Routing.EndpointMiddleware[0]
      Executing endpoint 'gRPC - /UnityILPP.PostProcessing/ConfigurePostProcessors'
[40m[32minfo[39m[22m[49m: Unity.ILPP.Runner.PostProcessingAssemblyLoadContext[0]
      Resolved Unity.Burst.Cecil, Version=0.11.4.0, Culture=neutral, PublicKeyToken=50cebf1cceb9d05e with Library/PackageCache/com.unity.burst@1.8.9/Unity.Burst.CodeGen/Unity.Burst.Cecil.dll
[40m[32minfo[39m[22m[49m: Microsoft.AspNetCore.Routing.EndpointMiddleware[1]
      Executed endpoint 'gRPC - /UnityILPP.PostProcessing/ConfigurePostProcessors'
[40m[32minfo[39m[22m[49m: Microsoft.AspNetCore.Hosting.Diagnostics[2]
      Request finished HTTP/2 POST http://ilpp/UnityILPP.PostProcessing/ConfigurePostProcessors application/grpc - - 200 - application/grpc 14.5402ms
ExitCode: 0 Duration: 0s342ms
[595/803    0s] ILPP-Configuration Library/ilpp-configuration.nevergeneratedoutput
*** Tundra build success (0.33 seconds), 1 items updated, 803 evaluated
AssetDatabase: script compilation time: 0.951478s
Total cache size 267242740
Total cache size after purge 267242740
Begin MonoManager ReloadAssembly
- Loaded All Assemblies, in  0.447 seconds
Refreshing native plugins compatible for Editor in 0.97 ms, found 2 plugins.
Preloading 0 native plugins for Editor in 0.00 ms.
Refreshing native plugins compatible for Editor in 0.88 ms, found 2 plugins.
Native extension for iOS target not found
Native extension for Android target not found
Native extension for OSXStandalone target not found
Fallback handler could not load library /Applications/Unity/Hub/Editor/2022.3.11f1/Unity.app/Contents/Frameworks/MonoBleedingEdge/lib/pthread
Mono: successfully reloaded assembly
- Finished resetting the current domain, in  3.147 seconds
Domain Reload Profiling: 3594ms
	BeginReloadAssembly (73ms)
		ExecutionOrderSort (0ms)
		DisableScriptedObjects (4ms)
		BackupInstance (0ms)
		ReleaseScriptingObjects (0ms)
		CreateAndSetChildDomain (16ms)
	RebuildCommonClasses (25ms)
	RebuildNativeTypeToScriptingClass (8ms)
	initialDomainReloadingComplete (15ms)
	LoadAllAssembliesAndSetupDomain (325ms)
		LoadAssemblies (222ms)
		RebuildTransferFunctionScriptingTraits (0ms)
		AnalyzeDomain (136ms)
			TypeCache.Refresh (112ms)
				TypeCache.ScanAssembly (102ms)
			ScanForSourceGeneratedMonoScriptInfo (15ms)
			ResolveRequiredComponents (8ms)
	FinalizeReload (3147ms)
		ReleaseScriptCaches (0ms)
		RebuildScriptCaches (0ms)
		SetupLoadedEditorAssemblies (2971ms)
			LogAssemblyErrors (0ms)
			InitializePlatformSupportModulesInManaged (19ms)
			SetLoadedEditorAssemblies (5ms)
			RefreshPlugins (0ms)
			BeforeProcessingInitializeOnLoad (68ms)
			ProcessInitializeOnLoadAttributes (2685ms)
			ProcessInitializeOnLoadMethodAttributes (193ms)
			AfterProcessingInitializeOnLoad (1ms)
			EditorAssembliesLoaded (0ms)
		ExecutionOrderSort2 (0ms)
		AwakeInstancesAfterBackupRestoration (1ms)
Start importing Assets/Game/ShaderVar/MyShaderVariants.shadervariants using Guid(c0c17c68cc9294a939d19513a86a3a2b) Importer(-1,00000000000000000000000000000000)  -> (artifact id: 'ee87a171204630efda45a1d7770f57e5') in 0.009087 seconds
Start importing Assets/Resources/BuildConfig.asset using Guid(37f9f02102ef2494d8de06358b4e2bf3) Importer(-1,00000000000000000000000000000000)  -> (artifact id: '2d5ae2e1c38bf43ee85e8c068c81931b') in 0.001350 seconds
Start importing Assets/Game/Content/Pipeline/UniversalRP-General.asset using Guid(19ba41d7c0026c3459d37c2fe90c55a0) Importer(-1,00000000000000000000000000000000)  -> (artifact id: '755b3e29872bd0fb9f9887bf798cb71e') in 0.002779 seconds
Start importing Assets/Game/ShaderVar/MyShaderVariants.json using Guid(858609a90252743f7a2fe08a60713847) Importer(-1,00000000000000000000000000000000)  -> (artifact id: 'b92a1fcbe911a935c9324e126fcadcd2') in 0.001446 seconds
Refreshing native plugins compatible for Editor in 0.92 ms, found 2 plugins.
Preloading 0 native plugins for Editor in 0.00 ms.
Asset Pipeline Refresh (id=59c67580a9cd8448a96d48275e85cd8c): Total: 6.568 seconds - Initiated by InitialRefreshV2(ForceSynchronousImport)
	Summary:
		Imports: total=3 (actual=3, local cache=0, cache server=0)
		Asset DB Process Time: managed=2 ms, native=1849 ms
		Asset DB Callback time: managed=50 ms, native=2 ms
		Scripting: domain reloads=1, domain reload time=3659 ms, compile time=952 ms, other=50 ms
		Project Asset Count: scripts=6342, non-scripts=3574
		Asset File Changes: new=0, changed=4, moved=0, deleted=0
		Scan Filter Count: 1
	InvokeBeforeRefreshCallbacks: 0.145ms
	ApplyChangesToAssetFolders: 0.033ms
	Scan: 279.324ms
	OnSourceAssetsModified: 1.722ms
	GetAllGuidsForCategorization: 0.815ms
	CategorizeAssets: 161.391ms
	ImportOutOfDateAssets: 3216.447ms (2208.446ms without children)
		ImportManagerImport: 18.872ms (2.925ms without children)
			ImportInProcess: 15.917ms
			UpdateCategorizedAssets: 0.030ms
		CompileScripts: 951.559ms
		ReloadNativeAssets: 20.239ms
		UnloadImportedAssets: 13.336ms
		ReloadImportedAssets: 0.000ms
		EnsureUptoDateAssetsAreRegisteredWithGuidPM: 3.096ms
		InitializingProgressBar: 0.006ms
		PostProcessAllAssetNotificationsAddChangedAssets: 0.000ms
		OnDemandSchedulerStart: 0.893ms
	PostProcessAllAssets: 49.924ms
	Hotreload: 1.752ms
	GatherAllCurrentPrimaryArtifactRevisions: 0.000ms
	UnloadStreamsBegin: 1.443ms
	PersistCurrentRevisions: 0.323ms
	UnloadStreamsEnd: 0.012ms
	GenerateScriptTypeHashes: 3.494ms
	Untracked: 2854.208ms
Application.AssetDatabase Initial Refresh End
Launching external process: /Applications/Unity/Hub/Editor/2022.3.11f1/Unity.app/Contents/Tools/UnityShaderCompiler
Launched and connected shader compiler UnityShaderCompiler after 0.09 seconds
Scanning for USB devices : 0.761ms
Initializing Unity extensions:
[Licensing::Client] Successfully resolved entitlements
New input system (experimental) initialized
[MODES] ModeService[none].Initialize
[MODES] ModeService[none].LoadModes
[MODES] Loading mode Default (0) for mode-current-id-smyisia
2023-11-08 00:29:10.813 Unity[23839:313293] NSEventModifierFlagFunction specified to -setKeyEquivalentModifierMask: for item <NSMenuItem: 0x600002076140 Font Asset, ke='Command-F12'>, but is only supported for system-provided menu items; will not be used
Unloading 28 Unused Serialized files (Serialized files now loaded: 0)
The Progressive CPU lightmapper is not supported on Apple silicon, switching to the Progressive GPU lightmapper.
UnityEngine.StackTraceUtility:ExtractStackTrace () (at /Users/bokken/build/output/unity/unity/Runtime/Export/Scripting/StackTrace.cs:37)
UnityEditor.EditorApplication:Internal_RestoreLastOpenedScenes () (at /Users/bokken/build/output/unity/unity/Editor/Mono/EditorApplication.cs:542)

[/Users/bokken/build/output/unity/unity/Editor/Mono/EditorApplication.cs line 542]

LightingSettings: switching bake backend from 2 to 1.
ProgressiveSceneManager::Cancel()
Loaded scene 'Assets/Game/Scene/Suntail_Village.unity'
	Deserialize:            804.896 ms
	Integration:            2316.199 ms
	Integration of assets:  1.805 ms
	Thread Wait Time:       -0.040 ms
	Total Operation Time:   3122.861 ms
Unloading 135 unused Assets / (2.1 MB). Loaded Objects now: 253282.
Memory consumption went from 0.51 GB to 0.50 GB.
Total: 46.509125 ms (FindLiveObjects: 14.054250 ms CreateObjectMapping: 3.809584 ms MarkObjects: 27.295958 ms  DeleteObjects: 1.348917 ms)

[LAYOUT] About to load UserSettings/Layouts/default-2022.dwlt, keepMainWindow=False
2023-11-08 00:29:14.086 Unity[23839:313293] CAMetalLayer ignoring invalid setDrawableSize width=0.000000 height=0.000000
2023-11-08 00:29:14.087 Unity[23839:313293] CAMetalLayer ignoring invalid setDrawableSize width=0.000000 height=0.000000
2023-11-08 00:29:14.088 Unity[23839:313293] CAMetalLayer ignoring invalid setDrawableSize width=0.000000 height=0.000000
2023-11-08 00:29:14.088 Unity[23839:313293] CAMetalLayer ignoring invalid setDrawableSize width=0.000000 height=0.000000
2023-11-08 00:29:14.088 Unity[23839:313293] CAMetalLayer ignoring invalid setDrawableSize width=0.000000 height=0.000000
2023-11-08 00:29:14.088 Unity[23839:313293] CAMetalLayer ignoring invalid setDrawableSize width=0.000000 height=0.000000
2023-11-08 00:29:14.088 Unity[23839:313293] CAMetalLayer ignoring invalid setDrawableSize width=0.000000 height=0.000000
2023-11-08 00:29:14.088 Unity[23839:313293] CAMetalLayer ignoring invalid setDrawableSize width=0.000000 height=0.000000
2023-11-08 00:29:14.088 Unity[23839:313293] CAMetalLayer ignoring invalid setDrawableSize width=0.000000 height=0.000000
2023-11-08 00:29:14.088 Unity[23839:313293] CAMetalLayer ignoring invalid setDrawableSize width=0.000000 height=0.000000
2023-11-08 00:29:14.537 Unity[23839:313293] CAMetalLayer ignoring invalid setDrawableSize width=0.000000 height=0.000000
2023-11-08 00:29:14.538 Unity[23839:313293] CAMetalLayer ignoring invalid setDrawableSize width=0.000000 height=0.000000
2023-11-08 00:29:14.539 Unity[23839:313293] CAMetalLayer ignoring invalid setDrawableSize width=0.000000 height=0.000000
2023-11-08 00:29:14.539 Unity[23839:313293] CAMetalLayer ignoring invalid setDrawableSize width=0.000000 height=0.000000
2023-11-08 00:29:14.539 Unity[23839:313293] CAMetalLayer ignoring invalid setDrawableSize width=0.000000 height=0.000000
2023-11-08 00:29:14.539 Unity[23839:313293] CAMetalLayer ignoring invalid setDrawableSize width=0.000000 height=0.000000
2023-11-08 00:29:14.539 Unity[23839:313293] CAMetalLayer ignoring invalid setDrawableSize width=0.000000 height=0.000000
2023-11-08 00:29:14.555 Unity[23839:313293] CAMetalLayer ignoring invalid setDrawableSize width=0.000000 height=0.000000
2023-11-08 00:29:14.563 Unity[23839:313293] CAMetalLayer ignoring invalid setDrawableSize width=0.000000 height=0.000000
2023-11-08 00:29:14.570 Unity[23839:313293] CAMetalLayer ignoring invalid setDrawableSize width=0.000000 height=0.000000
[MODES] ModeService[default].InitializeCurrentMode
[MODES] ModeService[default].RaiseModeChanged(default, default)
2023-11-08 00:29:14.684 Unity[23839:313293] NSEventModifierFlagFunction specified to -setKeyEquivalentModifierMask: for item <NSMenuItem: 0x6000020524c0 Font Asset, ke='Command-F12'>, but is only supported for system-provided menu items; will not be used
Start importing Assets/Resources/BuildConfig.asset using Guid(37f9f02102ef2494d8de06358b4e2bf3) Importer(-1,00000000000000000000000000000000)  -> (artifact id: 'f0d0cbabc38f57939c6eef185cb6349c') in 0.001365 seconds
Refreshing native plugins compatible for Editor in 1.10 ms, found 2 plugins.
Preloading 0 native plugins for Editor in 0.00 ms.
Asset Pipeline Refresh (id=ae4a1c5482ef7450fa74ce028a93bc79): Total: 0.090 seconds - Initiated by StopAssetImportingV2(NoUpdateAssetOptions)
[ScriptCompilation] Requested script compilation because: Recompiling all scripts before compiling player scripts because Auto Refresh is disabled.
[40m[32minfo[39m[22m[49m: Microsoft.AspNetCore.Hosting.Diagnostics[1]
      Request starting HTTP/2 POST http://ilpp/UnityILPP.PostProcessing/Ping application/grpc -
[40m[32minfo[39m[22m[49m: Microsoft.AspNetCore.Routing.EndpointMiddleware[0]
      Executing endpoint 'gRPC - /UnityILPP.PostProcessing/Ping'
[40m[32minfo[39m[22m[49m: Microsoft.AspNetCore.Routing.EndpointMiddleware[1]
      Executed endpoint 'gRPC - /UnityILPP.PostProcessing/Ping'
[40m[32minfo[39m[22m[49m: Microsoft.AspNetCore.Hosting.Diagnostics[2]
      Request finished HTTP/2 POST http://ilpp/UnityILPP.PostProcessing/Ping application/grpc - - 200 - application/grpc 0.8492ms
Starting: /Applications/Unity/Hub/Editor/2022.3.11f1/Unity.app/Contents/bee_backend --dont-print-to-structured-log --ipc --defer-dag-verification --dagfile="Library/Bee/900b0aEDbg.dag" --continue-on-failure --profile="Library/Bee/backend1.traceevents" ScriptAssemblies
WorkingDir: /Users/huangqiang/RiderProjects/UOS_iOS
[40m[32minfo[39m[22m[49m: Microsoft.AspNetCore.Hosting.Diagnostics[1]
      Request starting HTTP/2 POST http://ilpp/UnityILPP.PostProcessing/ConfigurePostProcessors application/grpc -
[40m[32minfo[39m[22m[49m: Microsoft.AspNetCore.Routing.EndpointMiddleware[0]
      Executing endpoint 'gRPC - /UnityILPP.PostProcessing/ConfigurePostProcessors'
[40m[32minfo[39m[22m[49m: Unity.ILPP.Runner.PostProcessingAssemblyLoadContext[0]
      Current configuration matches the requested one, skipping
[40m[32minfo[39m[22m[49m: Microsoft.AspNetCore.Routing.EndpointMiddleware[1]
      Executed endpoint 'gRPC - /UnityILPP.PostProcessing/ConfigurePostProcessors'
[40m[32minfo[39m[22m[49m: Microsoft.AspNetCore.Hosting.Diagnostics[2]
      Request finished HTTP/2 POST http://ilpp/UnityILPP.PostProcessing/ConfigurePostProcessors application/grpc - - 200 - application/grpc 3.1684ms
ExitCode: 0 Duration: 0s333ms
[595/803    0s] ILPP-Configuration Library/ilpp-configuration.nevergeneratedoutput
*** Tundra build success (0.29 seconds), 1 items updated, 803 evaluated
Total cache size 267242740
Total cache size after purge 267242740
[ScriptCompilation] Requested script compilation because: Compiling scripts for player
[40m[32minfo[39m[22m[49m: Microsoft.AspNetCore.Hosting.Diagnostics[1]
      Request starting HTTP/2 POST http://ilpp/UnityILPP.PostProcessing/Ping application/grpc -
[40m[32minfo[39m[22m[49m: Microsoft.AspNetCore.Routing.EndpointMiddleware[0]
      Executing endpoint 'gRPC - /UnityILPP.PostProcessing/Ping'
[40m[32minfo[39m[22m[49m: Microsoft.AspNetCore.Routing.EndpointMiddleware[1]
      Executed endpoint 'gRPC - /UnityILPP.PostProcessing/Ping'
[40m[32minfo[39m[22m[49m: Microsoft.AspNetCore.Hosting.Diagnostics[2]
      Request finished HTTP/2 POST http://ilpp/UnityILPP.PostProcessing/Ping application/grpc - - 200 - application/grpc 0.1820ms
Starting: /Applications/Unity/Hub/Editor/2022.3.11f1/Unity.app/Contents/bee_backend --dont-print-to-structured-log --ipc --defer-dag-verification --dagfile="Library/Bee/900b00P.dag" --continue-on-failure --profile="Library/Bee/backend1.traceevents" ScriptAssembliesAndTypeDB
WorkingDir: /Users/huangqiang/RiderProjects/UOS_iOS
[40m[32minfo[39m[22m[49m: Microsoft.AspNetCore.Hosting.Diagnostics[1]
      Request starting HTTP/2 POST http://ilpp/UnityILPP.PostProcessing/ConfigurePostProcessors application/grpc -
[40m[32minfo[39m[22m[49m: Microsoft.AspNetCore.Routing.EndpointMiddleware[0]
      Executing endpoint 'gRPC - /UnityILPP.PostProcessing/ConfigurePostProcessors'
[40m[32minfo[39m[22m[49m: Unity.ILPP.Runner.PostProcessingAssemblyLoadContext[0]
      ALC ILPP context 1 is unloading
[40m[32minfo[39m[22m[49m: Unity.ILPP.Runner.PostProcessingAssemblyLoadContext[0]
      Resolved Unity.Burst.Cecil, Version=0.11.4.0, Culture=neutral, PublicKeyToken=50cebf1cceb9d05e with Library/PackageCache/com.unity.burst@1.8.9/Unity.Burst.CodeGen/Unity.Burst.Cecil.dll
[40m[32minfo[39m[22m[49m: Microsoft.AspNetCore.Routing.EndpointMiddleware[1]
      Executed endpoint 'gRPC - /UnityILPP.PostProcessing/ConfigurePostProcessors'
[40m[32minfo[39m[22m[49m: Microsoft.AspNetCore.Hosting.Diagnostics[2]
      Request finished HTTP/2 POST http://ilpp/UnityILPP.PostProcessing/ConfigurePostProcessors application/grpc - - 200 - application/grpc 7.1726ms
Total cache size 267242740
Total cache size after purge 267242740
ExitCode: 0 Duration: 1s189ms
[445/553    0s] ILPP-Configuration Library/ilpp-configuration.nevergeneratedoutput
[552/553    0s] BuildPlayerDataGenerator Library/BuildPlayerData/Player/RuntimeInitializeOnLoads.json (+1 other)
*** Tundra build success (0.99 seconds), 2 items updated, 553 evaluated
[40m[32minfo[39m[22m[49m: Microsoft.AspNetCore.Hosting.Diagnostics[1]
      Request starting HTTP/2 POST http://ilpp/UnityILPP.PostProcessing/Ping application/grpc -
[40m[32minfo[39m[22m[49m: Microsoft.AspNetCore.Routing.EndpointMiddleware[0]
      Executing endpoint 'gRPC - /UnityILPP.PostProcessing/Ping'
[40m[32minfo[39m[22m[49m: Microsoft.AspNetCore.Routing.EndpointMiddleware[1]
      Executed endpoint 'gRPC - /UnityILPP.PostProcessing/Ping'
[40m[32minfo[39m[22m[49m: Microsoft.AspNetCore.Hosting.Diagnostics[2]
      Request finished HTTP/2 POST http://ilpp/UnityILPP.PostProcessing/Ping application/grpc - - 200 - application/grpc 0.2358ms
Starting: /Applications/Unity/Hub/Editor/2022.3.11f1/Unity.app/Contents/bee_backend --dont-print-to-structured-log --ipc --defer-dag-verification --dagfile="Library/Bee/900b0aEDbg.dag" --continue-on-failure --profile="Library/Bee/backend1.traceevents" ScriptAssembliesAndTypeDB
WorkingDir: /Users/huangqiang/RiderProjects/UOS_iOS
[40m[32minfo[39m[22m[49m: Microsoft.AspNetCore.Hosting.Diagnostics[1]
      Request starting HTTP/2 POST http://ilpp/UnityILPP.PostProcessing/ConfigurePostProcessors application/grpc -
[40m[32minfo[39m[22m[49m: Microsoft.AspNetCore.Routing.EndpointMiddleware[0]
      Executing endpoint 'gRPC - /UnityILPP.PostProcessing/ConfigurePostProcessors'
[40m[32minfo[39m[22m[49m: Unity.ILPP.Runner.PostProcessingAssemblyLoadContext[0]
      ALC ILPP context 2 is unloading
[40m[32minfo[39m[22m[49m: Unity.ILPP.Runner.PostProcessingAssemblyLoadContext[0]
      Resolved Unity.Burst.Cecil, Version=0.11.4.0, Culture=neutral, PublicKeyToken=50cebf1cceb9d05e with Library/PackageCache/com.unity.burst@1.8.9/Unity.Burst.CodeGen/Unity.Burst.Cecil.dll
[40m[32minfo[39m[22m[49m: Microsoft.AspNetCore.Routing.EndpointMiddleware[1]
      Executed endpoint 'gRPC - /UnityILPP.PostProcessing/ConfigurePostProcessors'
[40m[32minfo[39m[22m[49m: Microsoft.AspNetCore.Hosting.Diagnostics[2]
      Request finished HTTP/2 POST http://ilpp/UnityILPP.PostProcessing/ConfigurePostProcessors application/grpc - - 200 - application/grpc 3.3564ms
ExitCode: 0 Duration: 0s224ms
[595/805    0s] ILPP-Configuration Library/ilpp-configuration.nevergeneratedoutput
*** Tundra build success (0.20 seconds), 1 items updated, 805 evaluated
Total cache size 267242740
Total cache size after purge 267242740
compile finish!!!
UnityEngine.StackTraceUtility:ExtractStackTrace () (at /Users/bokken/build/output/unity/unity/Runtime/Export/Scripting/StackTrace.cs:37)
UnityEngine.DebugLogHandler:LogFormat (UnityEngine.LogType,UnityEngine.Object,string,object[])
UnityEngine.Logger:Log (UnityEngine.LogType,object)
UnityEngine.Debug:Log (object)
HybridCLR.Editor.Commands.CompileDllCommand:CompileDll (string,UnityEditor.BuildTarget,bool) (at ./Library/PackageCache/com.code-philosophy.hybridclr@febff1c658/Editor/Commands/CompileDllCommand.cs:28)
HybridCLR.Editor.Commands.CompileDllCommand:CompileDll (UnityEditor.BuildTarget,bool) (at ./Library/PackageCache/com.code-philosophy.hybridclr@febff1c658/Editor/Commands/CompileDllCommand.cs:33)
HybridCLR.Editor.Commands.CompileDllCommand:CompileDllIOS () (at ./Library/PackageCache/com.code-philosophy.hybridclr@febff1c658/Editor/Commands/CompileDllCommand.cs:81)
Game._Script.AOT.Editor.BuildPipeline_Update/<IncrementalBuild>d__3:MoveNext () (at Assets/Game/_Script/AOT/Editor/BuildPipeline_Update.cs:46)
Cysharp.Threading.Tasks.CompilerServices.AsyncUniTaskMethodBuilder:Start<Game._Script.AOT.Editor.BuildPipeline_Update/<IncrementalBuild>d__3> (Game._Script.AOT.Editor.BuildPipeline_Update/<IncrementalBuild>d__3&) (at ./Library/PackageCache/com.cysharp.unitask@d210e3d76a/Runtime/CompilerServices/AsyncUniTaskMethodBuilder.cs:111)
Game._Script.AOT.Editor.BuildPipeline_Update:IncrementalBuild (UnityEditor.BuildTarget)
Game._Script.AOT.Editor.BuildPipeline_Update:UpdateiOS () (at Assets/Game/_Script/AOT/Editor/BuildPipeline_Update.cs:36)

(Filename: ./Library/PackageCache/com.code-philosophy.hybridclr@febff1c658/Editor/Commands/CompileDllCommand.cs Line: 28)

Refreshing native plugins compatible for Editor in 0.97 ms, found 2 plugins.
Preloading 0 native plugins for Editor in 0.00 ms.
Asset Pipeline Refresh (id=afcde8ae326e94e679b1959df2aa4de7): Total: 0.095 seconds - Initiated by StopAssetImportingV2(NoUpdateAssetOptions)
Unloading 12 Unused Serialized files (Serialized files now loaded: 0)
Unloading 27250 unused Assets / (28.6 MB). Loaded Objects now: 6874.
Memory consumption went from 347.0 MB to 318.4 MB.
Total: 27.716875 ms (FindLiveObjects: 0.834833 ms CreateObjectMapping: 0.676167 ms MarkObjects: 11.469750 ms  DeleteObjects: 14.735208 ms)

Batchmode quit successfully invoked - shutting down!
Killing ADB server in 0.11253 seconds.
Thread 0x2ef0f7000 may have been prematurely finalized
Setting up 2 worker threads for Enlighten.
[Licensing::IpcConnector] License Notification channel disconnected successfully.
[Licensing::IpcConnector] License Client channel disconnected successfully.
Thread 0x17e91f000 may have been prematurely finalized
[40m[32minfo[39m[22m[49m: Microsoft.Hosting.Lifetime[0]
      Application is shutting down...
Cleanup mono
[40m[32minfo[39m[22m[49m: Unity.ILPP.Runner.PostProcessingAssemblyLoadContext[0]
      ALC ILPP context 3 is unloading
debugger-agent: Unable to listen on 54
[usbmuxd] Stop listen thread
[usbmuxd] Error: 
[usbmuxd] Listen thread exiting
[Performance] Application.InitializeProject                                                                                  :        1 samples, Peak.  11.6 s (1.0x), Avg.  11.6 s, Total. 11.62 s (53.0%)
[Performance] Application.PackageManager.StartServer                                                                         :        1 samples, Peak.  1.79 ms (1.0x), Avg.  1.79 ms, Total. 1.792 ms (0.0%)
[Performance] Application.AcquireProjectLock                                                                                 :        1 samples, Peak.  12.7 ms (1.0x), Avg.  12.7 ms, Total. 12.74 ms (0.1%)
[Performance] Application.InitializeEngineNoGraphics                                                                         :        1 samples, Peak.  52.0 ms (1.0x), Avg.  52.0 ms, Total. 52.03 ms (0.2%)
[Performance] Application.PackageManager.Initialize                                                                          :        1 samples, Peak.  1.63 s (1.0x), Avg.  1.63 s, Total. 1.630 s (7.4%)
[Performance] Connecting to Package Manager                                                                                  :      161 samples, Peak.  49.0 us (29.5x), Avg.  1.66 us, Total. 267.5 us (0.0%)
[Performance] Application.EngineGraphics.Initialize                                                                          :        1 samples, Peak.   786 ms (1.0x), Avg.   786 ms, Total. 785.7 ms (3.6%)
[Performance] Application.GI.Initialize                                                                                      :        1 samples, Peak.  4.35 ms (1.0x), Avg.  4.35 ms, Total. 4.351 ms (0.0%)
[Performance] Application.LoadAllDefaultResourcesFromEditor                                                                  :        1 samples, Peak.  3.29 ms (1.0x), Avg.  3.29 ms, Total. 3.294 ms (0.0%)
[Performance] Application.LoadMonoAssemblies                                                                                 :        1 samples, Peak.   747 ms (1.0x), Avg.   747 ms, Total. 746.6 ms (3.4%)
[Performance] RestoreManagedReferences                                                                                       :        2 samples, Peak.  70.0 ms (2.0x), Avg.  35.0 ms, Total. 70.05 ms (0.3%)
[Performance] EditorResources.Load                                                                                           :      866 samples, Peak.   164 ms (462.9x), Avg.   354 us, Total. 306.6 ms (1.4%)
[Performance] InitializeOnLoad SceneSearch                                                                                   :        2 samples, Peak.   241 us (1.1x), Avg.   216 us, Total. 431.5 us (0.0%)
[Performance] InitializeOnLoad SettingsService                                                                               :        2 samples, Peak.  9.54 us (1.3x), Avg.  7.29 us, Total. 14.58 us (0.0%)
[Performance] InitializeOnLoad PlayModeDownload                                                                              :        2 samples, Peak.   635 us (1.2x), Avg.   516 us, Total. 1.032 ms (0.0%)
[Performance] InitializeOnLoad SearchService                                                                                 :        2 samples, Peak.  76.5 us (1.0x), Avg.  75.8 us, Total. 151.6 us (0.0%)
[Performance] InitializeOnLoad AssetStoreContext                                                                             :        2 samples, Peak.  12.7 ms (1.8x), Avg.  7.19 ms, Total. 14.38 ms (0.1%)
[Performance] InitializeOnLoad CheckNavigationPackage                                                                        :        2 samples, Peak.   218 us (1.1x), Avg.   196 us, Total. 391.2 us (0.0%)
[Performance] InitializeOnLoad CloudBuild                                                                                    :        2 samples, Peak.  4.13 us (1.3x), Avg.  3.21 us, Total. 6.417 us (0.0%)
[Performance] InitializeOnLoad PrefabInstanceChangedListener                                                                 :        2 samples, Peak.   179 us (1.2x), Avg.   152 us, Total. 304.2 us (0.0%)
[Performance] InitializeOnLoad MenuItems                                                                                     :        2 samples, Peak.   224 us (1.1x), Avg.   200 us, Total. 400.0 us (0.0%)
[Performance] InitializeOnLoad EditMode                                                                                      :        2 samples, Peak.   241 us (1.0x), Avg.   231 us, Total. 462.5 us (0.0%)
[Performance] InitializeOnLoad UnityConnect                                                                                  :        2 samples, Peak.  40.2 us (1.1x), Avg.  36.4 us, Total. 72.83 us (0.0%)
[Performance] InitializeOnLoad MixerEffectDefinitionReloader                                                                 :        2 samples, Peak.  1.37 ms (1.1x), Avg.  1.21 ms, Total. 2.424 ms (0.0%)
[Performance] InitializeOnLoad WindowLayout                                                                                  :        2 samples, Peak.  33.0 us (1.1x), Avg.  30.9 us, Total. 61.88 us (0.0%)
[Performance] InitializeOnLoad CacheServerWindow                                                                             :        2 samples, Peak.  18.7 us (1.6x), Avg.  12.0 us, Total. 24.04 us (0.0%)
[Performance] InitializeOnLoad DrivenRectTransformUndo                                                                       :        2 samples, Peak.   203 us (1.2x), Avg.   174 us, Total. 348.6 us (0.0%)
[Performance] InitializeOnLoad ManagedDebuggerWindow                                                                         :        2 samples, Peak.   433 us (1.3x), Avg.   335 us, Total. 670.5 us (0.0%)
[Performance] InitializeOnLoad ProjectSearch                                                                                 :        2 samples, Peak.  86.8 us (1.5x), Avg.  57.4 us, Total. 114.8 us (0.0%)
[Performance] InitializeOnLoad ObjectSelectorSearch                                                                          :        2 samples, Peak.  27.0 us (1.1x), Avg.  23.8 us, Total. 47.58 us (0.0%)
[Performance] InitializeOnLoad ManagedDebugger                                                                               :        2 samples, Peak.   292 ns (1.0x), Avg.   292 ns, Total. 584.0 ns (0.0%)
[Performance] InitializeOnLoad ShortcutIntegration                                                                           :        2 samples, Peak.  39.8 us (1.1x), Avg.  37.7 us, Total. 75.46 us (0.0%)
[Performance] InitializeOnLoad UISystemProfilerRenderService                                                                 :        2 samples, Peak.  9.00 us (1.4x), Avg.  6.50 us, Total. 13.00 us (0.0%)
[Performance] InitializeOnLoad AddComponentWindow                                                                            :        2 samples, Peak.   545 us (1.8x), Avg.   309 us, Total. 618.8 us (0.0%)
[Performance] InitializeOnLoad NativeFormatImporterUtility                                                                   :        2 samples, Peak.  1.13 ms (1.0x), Avg.  1.11 ms, Total. 2.220 ms (0.0%)
[Performance] InitializeOnLoad EditorMonitor                                                                                 :        2 samples, Peak.   522 us (1.3x), Avg.   403 us, Total. 805.7 us (0.0%)
[Performance] InitializeOnLoad RetainedMode                                                                                  :        2 samples, Peak.  1.64 ms (1.1x), Avg.  1.47 ms, Total. 2.942 ms (0.0%)
[Performance] InitializeOnLoad EditorShaderLoader                                                                            :        2 samples, Peak.   403 us (1.0x), Avg.   402 us, Total. 804.7 us (0.0%)
[Performance] InitializeOnLoad EditorDelegateRegistration                                                                    :        2 samples, Peak.   395 us (1.2x), Avg.   334 us, Total. 668.6 us (0.0%)
[Performance] InitializeOnLoad LiveReloadTrackerCreator                                                                      :        2 samples, Peak.   131 us (1.1x), Avg.   115 us, Total. 229.5 us (0.0%)
[Performance] InitializeOnLoad UxmlObjectEditorFactories                                                                     :        2 samples, Peak.   463 us (1.1x), Avg.   438 us, Total. 875.5 us (0.0%)
[Performance] InitializeOnLoad UIDocumentHierarchyWatcher                                                                    :        2 samples, Peak.  62.7 us (1.0x), Avg.  60.7 us, Total. 121.4 us (0.0%)
[Performance] InitializeOnLoad UXMLEditorFactories                                                                           :        2 samples, Peak.  43.0 ms (1.1x), Avg.  39.7 ms, Total. 79.36 ms (0.4%)
[Performance] InitializeOnLoad CloudBuildPoller                                                                              :        2 samples, Peak.   181 us (1.1x), Avg.   172 us, Total. 344.2 us (0.0%)
[Performance] InitializeOnLoad AnalyticsService                                                                              :        2 samples, Peak.  6.87 ms (1.0x), Avg.  6.71 ms, Total. 13.41 ms (0.1%)
[Performance] InitializeOnLoad UDPService                                                                                    :        2 samples, Peak.  4.98 ms (1.0x), Avg.  4.87 ms, Total. 9.731 ms (0.0%)
[Performance] InitializeOnLoad EditorGameServicesAnalytics                                                                   :        2 samples, Peak.   759 us (1.4x), Avg.   546 us, Total. 1.093 ms (0.0%)
[Performance] InitializeOnLoad PurchasingService                                                                             :        2 samples, Peak.  8.06 ms (1.0x), Avg.  8.00 ms, Total. 16.01 ms (0.1%)
[Performance] InitializeOnLoad ServicesRepository                                                                            :        2 samples, Peak.   666 ns (1.1x), Avg.   583 ns, Total. 1.166 us (0.0%)
[Performance] InitializeOnLoad AdsService                                                                                    :        2 samples, Peak.  5.88 ms (1.1x), Avg.  5.35 ms, Total. 10.70 ms (0.0%)
[Performance] InitializeOnLoad BuildService                                                                                  :        2 samples, Peak.  4.86 ms (1.0x), Avg.  4.83 ms, Total. 9.650 ms (0.0%)
[Performance] InitializeOnLoad CrashService                                                                                  :        2 samples, Peak.  5.17 ms (1.1x), Avg.  4.92 ms, Total. 9.838 ms (0.0%)
[Performance] InitializeOnLoad SearchWindow                                                                                  :        2 samples, Peak.   123 us (1.0x), Avg.   117 us, Total. 233.8 us (0.0%)
[Performance] InitializeOnLoad CustomIndexers                                                                                :        2 samples, Peak.   171 us (1.1x), Avg.   156 us, Total. 311.4 us (0.0%)
[Performance] InitializeOnLoad SearchMonitor                                                                                 :        2 samples, Peak.  6.27 ms (1.7x), Avg.  3.62 ms, Total. 7.239 ms (0.0%)
[Performance] InitializeOnLoad ParameterControllerEditor                                                                     :        2 samples, Peak.  12.9 us (1.1x), Avg.  12.0 us, Total. 24.04 us (0.0%)
[Performance] InitializeOnLoad LayerSettingsWindow                                                                           :        2 samples, Peak.   174 us (2.0x), Avg.  88.1 us, Total. 176.2 us (0.0%)
[Performance] InitializeOnLoad PackageManagerHookGUIDConverter.RegisterPackagesEventHandler                                  :        2 samples, Peak.   531 us (1.7x), Avg.   308 us, Total. 616.0 us (0.0%)
[Performance] InitializeOnLoad EditorDragAndDrop.RegisterEditorClient                                                        :        2 samples, Peak.   185 us (1.1x), Avg.   164 us, Total. 327.7 us (0.0%)
[Performance] InitializeOnLoad EditorEventCallbacks.InitializeFontAssetResourceChangeCallBacks                               :        2 samples, Peak.   710 us (1.0x), Avg.   687 us, Total. 1.374 ms (0.0%)
[Performance] InitializeOnLoad SceneTemplateService.Init                                                                     :        2 samples, Peak.   840 us (1.2x), Avg.   718 us, Total. 1.437 ms (0.0%)
[Performance] InitializeOnLoad DiagnosticSwitchesConsoleMessage.Init                                                         :        2 samples, Peak.  2.08 ms (1.7x), Avg.  1.19 ms, Total. 2.382 ms (0.0%)
[Performance] InitializeOnLoad PackageManagerWindow.EditorInitializedInSafeMode                                              :        2 samples, Peak.  18.6 ms (2.0x), Avg.  9.38 ms, Total. 18.76 ms (0.1%)
[Performance] InitializeOnLoad AssetPostprocessingInternal.RefreshCustomDependencies                                         :        2 samples, Peak.  2.40 ms (1.2x), Avg.  2.04 ms, Total. 4.083 ms (0.0%)
[Performance] InitializeOnLoad SceneVisibilityManager.Initialize                                                             :        2 samples, Peak.  3.76 ms (1.7x), Avg.  2.17 ms, Total. 4.345 ms (0.0%)
[Performance] InitializeOnLoad ScopedRegistryAddedPopup.SubscribeToRegistriesAdded                                           :        2 samples, Peak.  6.60 ms (1.9x), Avg.  3.57 ms, Total. 7.131 ms (0.0%)
[Performance] InitializeOnLoad SysrootManager.Initialize                                                                     :        2 samples, Peak.   310 us (1.1x), Avg.   276 us, Total. 552.7 us (0.0%)
[Performance] InitializeOnLoad EditorWindow.Initialize                                                                       :        2 samples, Peak.   177 us (1.2x), Avg.   148 us, Total. 295.2 us (0.0%)
[Performance] InitializeOnLoad ToolShortcutContext.Init                                                                      :        2 samples, Peak.  93.1 us (1.1x), Avg.  82.5 us, Total. 165.1 us (0.0%)
[Performance] InitializeOnLoad MemoryProfilerCompilationGuard.InjectCompileGuard                                             :        2 samples, Peak.  92.6 us (1.3x), Avg.  73.9 us, Total. 147.9 us (0.0%)
[Performance] AssemblyReloadEvents.afterAssemblyReload: UnityEditor.SceneTemplate.SceneTemplateService.AfterAssemblyReload   :        2 samples, Peak.   690 us (1.6x), Avg.   423 us, Total. 846.5 us (0.0%)
[Performance] ProcessService.EditorAfterLoadAllAssemblies                                                                    :        2 samples, Peak.   232 us (1.2x), Avg.   193 us, Total. 386.6 us (0.0%)
[Performance] Application.ReadLicenseInfo                                                                                    :        1 samples, Peak.  25.1 ms (1.0x), Avg.  25.1 ms, Total. 25.12 ms (0.1%)
[Performance] Application.InitialRefresh                                                                                     :        1 samples, Peak.  6.57 s (1.0x), Avg.  6.57 s, Total. 6.570 s (30.0%)
[Performance] ShaderImporter.SourceAssetModified                                                                             :        4 samples, Peak.   792 ns (1.9x), Avg.   427 ns, Total. 1.709 us (0.0%)
[Performance] ShaderIncludeImporter.SourceAssetModified                                                                      :        4 samples, Peak.   875 ns (1.3x), Avg.   666 ns, Total. 2.665 us (0.0%)
[Performance] Compiling Scripts                                                                                              :        1 samples, Peak.   952 ms (1.0x), Avg.   952 ms, Total. 951.5 ms (4.3%)
[Performance] AssemblyReloadEvents.beforeAssemblyReload: UnityEditor.SceneTemplate.SceneTemplateService.BeforeAssemblyReload :        1 samples, Peak.   409 us (1.0x), Avg.   409 us, Total. 409.5 us (0.0%)
[Performance] InitializeOnLoad TouchSimulation                                                                               :        1 samples, Peak.   142 us (1.0x), Avg.   142 us, Total. 142.0 us (0.0%)
[Performance] InitializeOnLoad InputSystem                                                                                   :        1 samples, Peak.  31.1 ms (1.0x), Avg.  31.1 ms, Total. 31.13 ms (0.1%)
[Performance] InitializeOnLoad BurstLoader                                                                                   :        1 samples, Peak.  2.00 s (1.0x), Avg.  2.00 s, Total. 2.004 s (9.2%)
[Performance] InitializeOnLoad ShadowCasterGroup2DManager                                                                    :        1 samples, Peak.   102 us (1.0x), Avg.   102 us, Total. 102.1 us (0.0%)
[Performance] InitializeOnLoad SpriteSkinCompositeStartup                                                                    :        1 samples, Peak.  9.85 ms (1.0x), Avg.  9.85 ms, Total. 9.848 ms (0.0%)
[Performance] InitializeOnLoad OnDomainReload                                                                                :        1 samples, Peak.   229 us (1.0x), Avg.   229 us, Total. 228.8 us (0.0%)
[Performance] InitializeOnLoad EditorInitialize                                                                              :        4 samples, Peak.  10.9 ms (3.6x), Avg.  3.06 ms, Total. 12.25 ms (0.1%)
[Performance] InitializeOnLoad CanvasesAndTheirOwners                                                                        :        1 samples, Peak.   123 us (1.0x), Avg.   123 us, Total. 123.0 us (0.0%)
[Performance] InitializeOnLoad CopyStrippedAOTAssembliesHook                                                                 :        1 samples, Peak.  7.23 ms (1.0x), Avg.  7.23 ms, Total. 7.232 ms (0.0%)
[Performance] InitializeOnLoad EditorStatusWatcher                                                                           :        1 samples, Peak.  55.3 us (1.0x), Avg.  55.3 us, Total. 55.29 us (0.0%)
[Performance] InitializeOnLoad GetIl2CppFolderHook                                                                           :        1 samples, Peak.  2.26 ms (1.0x), Avg.  2.26 ms, Total. 2.258 ms (0.0%)
[Performance] InitializeOnLoad ToolBarEditor                                                                                 :        1 samples, Peak.   769 us (1.0x), Avg.   769 us, Total. 769.0 us (0.0%)
[Performance] InitializeOnLoad ToolbarExtender                                                                               :        1 samples, Peak.  2.37 us (1.0x), Avg.  2.37 us, Total. 2.375 us (0.0%)
[Performance] InitializeOnLoad RealtimeProbeSubdivisionDebug                                                                 :        1 samples, Peak.   307 us (1.0x), Avg.   307 us, Total. 307.2 us (0.0%)
[Performance] InitializeOnLoad ProbeGIBaking                                                                                 :        1 samples, Peak.  1.55 ms (1.0x), Avg.  1.55 ms, Total. 1.546 ms (0.0%)
[Performance] InitializeOnLoad FilterWindow                                                                                  :        1 samples, Peak.  28.4 us (1.0x), Avg.  28.4 us, Total. 28.37 us (0.0%)
[Performance] InitializeOnLoad CinemachineStoryboardMute                                                                     :        1 samples, Peak.  59.0 us (1.0x), Avg.  59.0 us, Total. 59.04 us (0.0%)
[Performance] InitializeOnLoad SaveDuringPlay                                                                                :        1 samples, Peak.  44.3 us (1.0x), Avg.  44.3 us, Total. 44.29 us (0.0%)
[Performance] InitializeOnLoad CreatePipelineWithUndo                                                                        :        1 samples, Peak.   106 us (1.0x), Avg.   106 us, Total. 105.8 us (0.0%)
[Performance] InitializeOnLoad CinemachineScreenComposerGuidesGlobalDraggable                                                :        1 samples, Peak.  55.5 us (1.0x), Avg.  55.5 us, Total. 55.46 us (0.0%)
[Performance] InitializeOnLoad CollectGizmoDrawers                                                                           :        1 samples, Peak.  12.9 ms (1.0x), Avg.  12.9 ms, Total. 12.87 ms (0.1%)
[Performance] InitializeOnLoad CreateRigWithUndo                                                                             :        1 samples, Peak.   113 us (1.0x), Avg.   113 us, Total. 113.1 us (0.0%)
[Performance] InitializeOnLoad CinemachineEditorAnalytics                                                                    :        1 samples, Peak.  27.9 us (1.0x), Avg.  27.9 us, Total. 27.92 us (0.0%)
[Performance] InitializeOnLoad CinemachineColliderPrefs                                                                      :        1 samples, Peak.   147 us (1.0x), Avg.   147 us, Total. 146.9 us (0.0%)
[Performance] InitializeOnLoad SyncCacheEnabledSetting                                                                       :        1 samples, Peak.   643 us (1.0x), Avg.   643 us, Total. 642.5 us (0.0%)
[Performance] InitializeOnLoad EditorToolManager                                                                             :        2 samples, Peak.  2.32 ms (1.9x), Avg.  1.24 ms, Total. 2.484 ms (0.0%)
[Performance] InitializeOnLoad BackgroundWatcher                                                                             :        1 samples, Peak.  92.5 us (1.0x), Avg.  92.5 us, Total. 92.50 us (0.0%)
[Performance] InitializeOnLoad UnityTestProtocolStarter                                                                      :        1 samples, Peak.   154 us (1.0x), Avg.   154 us, Total. 154.2 us (0.0%)
[Performance] InitializeOnLoad TestStarter                                                                                   :        1 samples, Peak.   716 us (1.0x), Avg.   716 us, Total. 715.7 us (0.0%)
[Performance] InitializeOnLoad RerunCallbackInitializer                                                                      :        1 samples, Peak.  2.53 ms (1.0x), Avg.  2.53 ms, Total. 2.531 ms (0.0%)
[Performance] InitializeOnLoad RiderScriptEditor                                                                             :        1 samples, Peak.   362 ms (1.0x), Avg.   362 ms, Total. 362.3 ms (1.7%)
[Performance] InitializeOnLoad CallbackInitializer                                                                           :        1 samples, Peak.   669 us (1.0x), Avg.   669 us, Total. 668.6 us (0.0%)
[Performance] InitializeOnLoad SpriteEditorWindow                                                                            :        1 samples, Peak.   313 us (1.0x), Avg.   313 us, Total. 313.3 us (0.0%)
[Performance] InitializeOnLoad SpineEditorUtilities                                                                          :        1 samples, Peak.   120 us (1.0x), Avg.   120 us, Total. 119.5 us (0.0%)
[Performance] InitializeOnLoad NodeClassCache                                                                                :        1 samples, Peak.  3.87 us (1.0x), Avg.  3.87 us, Total. 3.875 us (0.0%)
[Performance] InitializeOnLoad ShaderGraphMaterialsUpdater                                                                   :        2 samples, Peak.   205 us (1.1x), Avg.   178 us, Total. 356.8 us (0.0%)
[Performance] InitializeOnLoad Renderer2DAnalytics                                                                           :        1 samples, Peak.  55.5 us (1.0x), Avg.  55.5 us, Total. 55.46 us (0.0%)
[Performance] InitializeOnLoad RendererDataPatcher                                                                           :        1 samples, Peak.  98.4 ms (1.0x), Avg.  98.4 ms, Total. 98.44 ms (0.4%)
[Performance] InitializeOnLoad PrefabLayoutRebuilder                                                                         :        1 samples, Peak.   297 us (1.0x), Avg.   297 us, Total. 296.9 us (0.0%)
[Performance] InitializeOnLoad NavigationWindow                                                                              :        1 samples, Peak.   868 us (1.0x), Avg.   868 us, Total. 868.1 us (0.0%)
[Performance] InitializeOnLoad BoneGizmoInitializer                                                                          :        1 samples, Peak.  19.0 ms (1.0x), Avg.  19.0 ms, Total. 19.02 ms (0.1%)
[Performance] InitializeOnLoad UnityAnalyticsStorage                                                                         :        1 samples, Peak.  1.94 ms (1.0x), Avg.  1.94 ms, Total. 1.936 ms (0.0%)
[Performance] InitializeOnLoad IKEditorManager.CreateInstance                                                                :        1 samples, Peak.  8.30 ms (1.0x), Avg.  8.30 ms, Total. 8.298 ms (0.0%)
[Performance] InitializeOnLoad $BurstDirectCallInitializer.Initialize                                                        :        4 samples, Peak.   126 ms (3.9x), Avg.  32.6 ms, Total. 130.4 ms (0.6%)
[Performance] InitializeOnLoad PlayerLoopHelper.InitOnEditor                                                                 :        1 samples, Peak.  3.23 ms (1.0x), Avg.  3.23 ms, Total. 3.230 ms (0.0%)
[Performance] InitializeOnLoad MaterialReimporter.RegisterUpgraderReimport                                                   :        2 samples, Peak.   117 us (1.7x), Avg.  70.0 us, Total. 140.0 us (0.0%)
[Performance] InitializeOnLoad MemoryProfilerModuleOverride.InitializeOverride                                               :        1 samples, Peak.   457 us (1.0x), Avg.   457 us, Total. 456.9 us (0.0%)
[Performance] InitializeOnLoad MetadataInjector.EditorInitMetadata                                                           :        1 samples, Peak.   223 us (1.0x), Avg.   223 us, Total. 222.8 us (0.0%)
[Performance] InitializeOnLoad TestJobDataHolder.ResumeRunningJobs                                                           :        1 samples, Peak.   602 us (1.0x), Avg.   602 us, Total. 602.0 us (0.0%)
[Performance] InitializeOnLoad AnalyticsReporter.RegisterCallbacks                                                           :        1 samples, Peak.   181 us (1.0x), Avg.   181 us, Total. 181.1 us (0.0%)
[Performance] InitializeOnLoad VolumeGizmoDrawer.InitVolumeGizmoCallbacks                                                    :        1 samples, Peak.   303 us (1.0x), Avg.   303 us, Total. 302.8 us (0.0%)
[Performance] InitializeOnLoad CoreRenderPipelinePreferences.InitPreferenceProviders                                         :        1 samples, Peak.  34.1 ms (1.0x), Avg.  34.1 ms, Total. 34.06 ms (0.2%)
[Performance] InitializeOnLoad DebugManagerWindowLifetimeAnalytic.SubscribeToDebugManagerOpenCloseWindows                    :        1 samples, Peak.   466 us (1.0x), Avg.   466 us, Total. 465.9 us (0.0%)
[Performance] DidReloadScriptsCinemachineExtension.OnScriptReload                                                            :        1 samples, Peak.   268 us (1.0x), Avg.   268 us, Total. 267.9 us (0.0%)
[Performance] DidReloadScriptsCinemachineVirtualCameraBase.OnScriptReload                                                    :        1 samples, Peak.  79.9 us (1.0x), Avg.  79.9 us, Total. 79.92 us (0.0%)
[Performance] DidReloadScriptsAdvancedDropdownWindow.OnScriptReload                                                          :        2 samples, Peak.   150 us (1.1x), Avg.   140 us, Total. 280.1 us (0.0%)
[Performance] DidReloadScriptsEditorSkeletonPlayer.OnReloaded                                                                :        1 samples, Peak.   158 us (1.0x), Avg.   158 us, Total. 157.5 us (0.0%)
[Performance] DidReloadScriptsTestRunnerWindow.CompilationCallback                                                           :        1 samples, Peak.   323 us (1.0x), Avg.   323 us, Total. 322.8 us (0.0%)
[Performance] DidReloadScriptsTestListCache.ScriptReloaded                                                                   :        1 samples, Peak.  1.37 ms (1.0x), Avg.  1.37 ms, Total. 1.365 ms (0.0%)
[Performance] DidReloadScriptsDebugWindow.OnEditorReload                                                                     :        1 samples, Peak.  3.41 ms (1.0x), Avg.  3.41 ms, Total. 3.408 ms (0.0%)
[Performance] DidReloadScriptsVolumeComponentEditor.OnEditorReload                                                           :        1 samples, Peak.  12.7 ms (1.0x), Avg.  12.7 ms, Total. 12.67 ms (0.1%)
[Performance] DidReloadScriptsLookDev.OnEditorReload                                                                         :        1 samples, Peak.   189 us (1.0x), Avg.   189 us, Total. 189.0 us (0.0%)
[Performance] AssemblyReloadEvents.afterAssemblyReload: UnityEditor.U2D.Animation.BoneGizmo.OnAfterAssemblyReload            :        1 samples, Peak.   520 us (1.0x), Avg.   520 us, Total. 520.1 us (0.0%)
[Performance] PresetManagerPostProcessor.OnPreprocessAsset                                                                   :        5 samples, Peak.   178 us (4.1x), Avg.  43.8 us, Total. 219.0 us (0.0%)
[Performance] CancelSplashScreenOnAssetChange.OnPreprocessAsset                                                              :        5 samples, Peak.   115 us (4.7x), Avg.  24.4 us, Total. 121.8 us (0.0%)
[Performance] ShaderGraphAssetPostProcessor.OnPreprocessAsset                                                                :        5 samples, Peak.   139 us (4.5x), Avg.  30.9 us, Total. 154.5 us (0.0%)
[Performance] SpritePostProcess.OnPreprocessAsset                                                                            :        5 samples, Peak.  1.16 ms (4.8x), Avg.   241 us, Total. 1.207 ms (0.0%)
[Performance] AssetDatabase.ImportAssets                                                                                     :        7 samples, Peak.  92.4 ms (7.0x), Avg.  13.2 ms, Total. 92.38 ms (0.4%)
[Performance] VersionControl.Task.Wait                                                                                       :        1 samples, Peak.  5.42 us (1.0x), Avg.  5.42 us, Total. 5.417 us (0.0%)
[Performance] CinemachineSettings.OnPostprocessAllAssets                                                                     :        6 samples, Peak.   184 us (3.1x), Avg.  58.8 us, Total. 353.0 us (0.0%)
[Performance] UtilityWindowPostProcessor.OnPostprocessAllAssets                                                              :        6 samples, Peak.   324 us (2.9x), Avg.   110 us, Total. 661.1 us (0.0%)
[Performance] SpineEditorUtilities.OnPostprocessAllAssets                                                                    :        6 samples, Peak.  11.8 ms (2.9x), Avg.  4.01 ms, Total. 24.05 ms (0.1%)
[Performance] TMPro_TexturePostProcessor.OnPostprocessAllAssets                                                              :        6 samples, Peak.   329 us (2.9x), Avg.   114 us, Total. 685.8 us (0.0%)
[Performance] BuilderAssetPostprocessor.OnPostprocessAllAssets                                                               :        6 samples, Peak.  2.30 ms (2.9x), Avg.   784 us, Total. 4.702 ms (0.0%)
[Performance] ArtifactBrowserPostProcessor.OnPostprocessAllAssets                                                            :        6 samples, Peak.   367 us (3.0x), Avg.   124 us, Total. 746.2 us (0.0%)
[Performance] AssetEvents.OnPostprocessAllAssets                                                                             :       12 samples, Peak.   149 us (3.2x), Avg.  46.2 us, Total. 554.4 us (0.0%)
[Performance] AudioMixerPostprocessor.OnPostprocessAllAssets                                                                 :        6 samples, Peak.   228 us (2.9x), Avg.  77.6 us, Total. 465.5 us (0.0%)
[Performance] StyleCatalogPostProcessor.OnPostprocessAllAssets                                                               :        6 samples, Peak.  17.8 ms (3.0x), Avg.  5.94 ms, Total. 35.66 ms (0.2%)
[Performance] BuildCatalog                                                                                                   :        1 samples, Peak.  17.1 ms (1.0x), Avg.  17.1 ms, Total. 17.10 ms (0.1%)
[Performance] ModelImporterPostProcessor.OnPostprocessAllAssets                                                              :        6 samples, Peak.   727 us (2.9x), Avg.   254 us, Total. 1.524 ms (0.0%)
[Performance] MaterialPostprocessor.OnPostprocessAllAssets                                                                   :       12 samples, Peak.   467 us (3.2x), Avg.   148 us, Total. 1.779 ms (0.0%)
[Performance] RetainedModeAssetPostprocessor.OnPostprocessAllAssets                                                          :        6 samples, Peak.  1.22 ms (2.7x), Avg.   457 us, Total. 2.742 ms (0.0%)
[Performance] AssetChangedListener.OnPostprocessAllAssets                                                                    :        6 samples, Peak.  3.22 ms (2.6x), Avg.  1.23 ms, Total. 7.359 ms (0.0%)
[Performance] PostProcessor.OnPostprocessAllAssets                                                                           :        6 samples, Peak.   262 us (2.7x), Avg.  95.5 us, Total. 573.2 us (0.0%)
[Performance] ShaderGraphAssetPostProcessor.OnPostprocessAllAssets                                                           :        6 samples, Peak.  1.18 ms (1.7x), Avg.   682 us, Total. 4.092 ms (0.0%)
[Performance] SpeedTreePostProcessor.OnPostprocessAllAssets                                                                  :        6 samples, Peak.   144 us (2.7x), Avg.  53.2 us, Total. 319.0 us (0.0%)
[Performance] TextAssetPostProcessor.OnPostprocessAllAssets                                                                  :        6 samples, Peak.   259 us (2.9x), Avg.  89.4 us, Total. 536.4 us (0.0%)
[Performance] SpriteLibraryAssetPostprocessor.OnPostprocessAllAssets                                                         :        6 samples, Peak.   149 us (2.9x), Avg.  51.2 us, Total. 307.1 us (0.0%)
[Performance] SpriteEditorTexturePostprocessor.OnPostprocessAllAssets                                                        :        6 samples, Peak.   157 us (1.1x), Avg.   148 us, Total. 887.1 us (0.0%)
[Performance] SyncVS.PostprocessSyncProject                                                                                  :        3 samples, Peak.   835 us (1.4x), Avg.   599 us, Total. 1.798 ms (0.0%)
[Performance] Application.ImportPackagesAndSetTemplateWhenCreatingProject                                                    :        1 samples, Peak.  13.4 ms (1.0x), Avg.  13.4 ms, Total. 13.41 ms (0.1%)
[Performance] Application.SyncCurrentColorSpace                                                                              :        1 samples, Peak.   320 ms (1.0x), Avg.   320 ms, Total. 319.8 ms (1.5%)
[Performance] Application.OnUsbDevicesChanged                                                                                :        1 samples, Peak.   800 us (1.0x), Avg.   800 us, Total. 800.1 us (0.0%)
[Performance] Application.AssetInstanceCacheUpdate                                                                           :        1 samples, Peak.   250 ns (1.0x), Avg.   250 ns, Total. 250.0 ns (0.0%)
[Performance] Application.UnityExtensions.Initialize                                                                         :        1 samples, Peak.  4.81 ms (1.0x), Avg.  4.81 ms, Total. 4.808 ms (0.0%)
[Performance] CodeEditorProjectSync.SyncEditorProject                                                                        :        1 samples, Peak.   426 ms (1.0x), Avg.   426 ms, Total. 426.3 ms (1.9%)
[Performance] Application.ExecuteStartups                                                                                    :        1 samples, Peak.  41.5 ms (1.0x), Avg.  41.5 ms, Total. 41.54 ms (0.2%)
[Performance] Menu.RegisterMenuInterface                                                                                     :       26 samples, Peak.  5.67 us (19.1x), Avg.   297 ns, Total. 7.709 us (0.0%)
[Performance] Gizmo.RebuildRenderers                                                                                         :        1 samples, Peak.  40.7 ms (1.0x), Avg.  40.7 ms, Total. 40.72 ms (0.2%)
[Performance] Gizmo.AddGizmoRenderers                                                                                        :      110 samples, Peak.  1.14 ms (16.5x), Avg.  69.1 us, Total. 7.601 ms (0.0%)
[Performance] Application.editorInitializingProject                                                                          :        1 samples, Peak.  13.1 ms (1.0x), Avg.  13.1 ms, Total. 13.08 ms (0.1%)
[Performance] Application.InitializeMenu                                                                                     :        1 samples, Peak.   546 ms (1.0x), Avg.   546 ms, Total. 546.2 ms (2.5%)
[Performance] Menu.RebuildAll                                                                                                :        1 samples, Peak.   546 ms (1.0x), Avg.   546 ms, Total. 546.2 ms (2.5%)
[Performance] Menu.BuildRegisteredMenuInterfaces                                                                             :        1 samples, Peak.   542 ms (1.0x), Avg.   542 ms, Total. 542.3 ms (2.5%)
[Performance] Menu.FilterMenuItem                                                                                            :      851 samples, Peak.  33.6 ms (840.7x), Avg.  40.0 us, Total. 34.01 ms (0.2%)
[Performance] UpdateAllMenus                                                                                                 :        1 samples, Peak.   405 us (1.0x), Avg.   405 us, Total. 404.9 us (0.0%)
[Performance] Application.RestoreLastOpenedScenes                                                                            :        1 samples, Peak.  3.17 s (1.0x), Avg.  3.17 s, Total. 3.174 s (14.5%)
[Performance] EditorSceneManager.sceneClosing: UnityEditor.SceneVisibilityManager.EditorSceneManagerOnSceneClosing           :        2 samples, Peak.   184 us (2.0x), Avg.  93.3 us, Total. 186.7 us (0.0%)
[Performance] EditorSceneManager.sceneClosed: callback in UnityEditor.Search.SearchMonitor                                   :        2 samples, Peak.  61.5 us (2.0x), Avg.  31.5 us, Total. 63.00 us (0.0%)
[Performance] EditorSceneManager.activeSceneChangedInEditMode: callback in UnityEditor.Search.SearchMonitor                  :        2 samples, Peak.  31.0 us (2.0x), Avg.  15.8 us, Total. 31.67 us (0.0%)
[Performance] Inspector.InitOrRebuild                                                                                        :        1 samples, Peak.   618 us (1.0x), Avg.   618 us, Total. 618.1 us (0.0%)
[Performance] AssetBundleBuilderWindow.MouseEnterWindow                                                                      :        1 samples, Peak.  44.5 ms (1.0x), Avg.  44.5 ms, Total. 44.54 ms (0.2%)
[Performance] Application.InvokeFinishedLoadingProject                                                                       :        1 samples, Peak.  11.4 ms (1.0x), Avg.  11.4 ms, Total. 11.42 ms (0.1%)
[Performance] ProcessService.OnProjectLoaded                                                                                 :        1 samples, Peak.  70.7 us (1.0x), Avg.  70.7 us, Total. 70.71 us (0.0%)
[Performance] TextureModificationWarningProcessor.OnWillSaveAssets                                                           :        2 samples, Peak.   970 us (2.0x), Avg.   491 us, Total. 981.8 us (0.0%)
[Performance] BuilderAssetModificationProcessor.OnWillSaveAssets                                                             :        2 samples, Peak.   315 us (2.0x), Avg.   160 us, Total. 319.2 us (0.0%)
[Performance] TerrainModificationProcessor.OnWillSaveAssets                                                                  :        2 samples, Peak.   497 us (2.0x), Avg.   254 us, Total. 507.5 us (0.0%)
[Performance] Application.Message                                                                                            :       33 samples, Peak.  6.17 us (1.4x), Avg.  4.27 us, Total. 140.9 us (0.0%)
[Performance] Application.Idle                                                                                               :       33 samples, Peak.  15.0 ms (1.3x), Avg.  11.1 ms, Total. 367.2 ms (1.7%)
[Performance] GenerateAssemblyTypeInfos                                                                                      :        2 samples, Peak.  16.5 ms (1.1x), Avg.  14.4 ms, Total. 28.79 ms (0.1%)
[Performance] AssetDatabase.DeleteAssets                                                                                     :        1 samples, Peak.   102 ms (1.0x), Avg.   102 ms, Total. 101.9 ms (0.5%)
[Performance] UtilityWindowModificationProcessor.OnWillDeleteAsset                                                           :        1 samples, Peak.   622 us (1.0x), Avg.   622 us, Total. 621.5 us (0.0%)
[Performance] ProcessAssetModifications.OnWillDeleteAsset                                                                    :        1 samples, Peak.   567 us (1.0x), Avg.   567 us, Total. 567.5 us (0.0%)
[Performance] BuilderAssetModificationProcessor.OnWillDeleteAsset                                                            :        1 samples, Peak.   217 us (1.0x), Avg.   217 us, Total. 216.7 us (0.0%)
[Performance] TMP_FontAssetPostProcessor.OnWillDeleteAsset                                                                   :        1 samples, Peak.   165 us (1.0x), Avg.   165 us, Total. 165.0 us (0.0%)
[Performance] CancelSplashScreenOnAssetDelete.OnWillDeleteAsset                                                              :        1 samples, Peak.  74.2 us (1.0x), Avg.  74.2 us, Total. 74.25 us (0.0%)
[Performance] EditorApplication.projectChanged: UnityEditor.Audio.MixerEffectDefinitionReloader.OnProjectChanged             :        1 samples, Peak.   701 us (1.0x), Avg.   701 us, Total. 701.1 us (0.0%)
[Performance] EditorApplication.projectChanged: UnityEngine.InputSystem.LowLevel.NativeInputRuntime.OnProjectChanged         :        1 samples, Peak.   246 us (1.0x), Avg.   246 us, Total. 245.6 us (0.0%)
[Performance] EditorApplication.projectChanged: UnityEditor.LabelGUI.InvalidateLabels                                        :        1 samples, Peak.  34.7 us (1.0x), Avg.  34.7 us, Total. 34.71 us (0.0%)
[Performance] EditorApplication.projectChanged: UnityEditor.ProjectBrowser.OnProjectChanged                                  :        1 samples, Peak.   330 us (1.0x), Avg.   330 us, Total. 329.8 us (0.0%)
[Performance] EditorApplication.projectChanged: UnityEditor.SceneHierarchy.ReloadData                                        :        1 samples, Peak.   371 us (1.0x), Avg.   371 us, Total. 370.5 us (0.0%)
[Performance] GUIView.RepaintAll.PlayerLoopController                                                                        :        1 samples, Peak.   887 ms (1.0x), Avg.   887 ms, Total. 886.9 ms (4.0%)
[Performance] BuildPlayerWindow.Repaint                                                                                      :        1 samples, Peak.   217 ms (1.0x), Avg.   217 ms, Total. 216.8 ms (1.0%)
[Performance] RefreshSkin                                                                                                    :        1 samples, Peak.  71.7 ms (1.0x), Avg.  71.7 ms, Total. 71.73 ms (0.3%)
[Performance] PackageManagerWindow.Repaint                                                                                   :        1 samples, Peak.   277 ms (1.0x), Avg.   277 ms, Total. 277.1 ms (1.3%)
[Performance] AssetBundleBuilderWindow.Repaint                                                                               :        1 samples, Peak.  64.4 ms (1.0x), Avg.  64.4 ms, Total. 64.45 ms (0.3%)
[Performance] Toolbar.Repaint                                                                                                :        1 samples, Peak.  12.5 ms (1.0x), Avg.  12.5 ms, Total. 12.48 ms (0.1%)
[Performance] ConsoleWindow.Repaint                                                                                          :        1 samples, Peak.  13.1 ms (1.0x), Avg.  13.1 ms, Total. 13.10 ms (0.1%)
[Performance] GameView.Repaint                                                                                               :        1 samples, Peak.  98.8 ms (1.0x), Avg.  98.8 ms, Total. 98.77 ms (0.5%)
[Performance] SceneHierarchyWindow.Repaint                                                                                   :        1 samples, Peak.  13.2 ms (1.0x), Avg.  13.2 ms, Total. 13.17 ms (0.1%)
[Performance] SceneVisibilityState.HasData                                                                                   :        2 samples, Peak.   334 ns (1.5x), Avg.   230 ns, Total. 459.0 ns (0.0%)
[Performance] SceneVisibilityState.IsFlagSetInParents                                                                        :        2 samples, Peak.   250 ns (1.7x), Avg.   145 ns, Total. 291.0 ns (0.0%)
[Performance] ProjectBrowser.Repaint                                                                                         :        1 samples, Peak.  64.9 ms (1.0x), Avg.  64.9 ms, Total. 64.90 ms (0.3%)
[Performance] InspectorWindow.Repaint                                                                                        :        1 samples, Peak.  7.61 ms (1.0x), Avg.  7.61 ms, Total. 7.610 ms (0.0%)
[Performance] AppStatusBar.Repaint                                                                                           :        1 samples, Peak.  6.22 ms (1.0x), Avg.  6.22 ms, Total. 6.219 ms (0.0%)
[Performance] EditorSceneManager.newSceneCreated: UnityEditor.SceneTemplate.SceneTemplateService.OnNewSceneCreated           :        1 samples, Peak.   157 us (1.0x), Avg.   157 us, Total. 156.7 us (0.0%)
[Performance] EditorSceneManager.newSceneCreated: UnityEditor.SceneVisibilityManager.EditorSceneManagerOnNewSceneCreated     :        1 samples, Peak.   134 us (1.0x), Avg.   134 us, Total. 134.2 us (0.0%)
[Performance] EditorSceneManager.newSceneCreated: UnityEditor.SceneManagement.StageNavigationManager.OnNewSceneCreated       :        1 samples, Peak.  35.8 us (1.0x), Avg.  35.8 us, Total. 35.83 us (0.0%)
[Performance] EditorSceneManager.newSceneCreated: UnityEditor.SceneHierarchy.OnSceneCreated                                  :        1 samples, Peak.   147 us (1.0x), Avg.   147 us, Total. 147.2 us (0.0%)
[Performance] EditorApplication.quitting: UnityEditor.Search.SearchMonitor.OnQuitting                                        :        1 samples, Peak.   587 us (1.0x), Avg.   587 us, Total. 587.0 us (0.0%)
[Performance] EditorApplication.quitting: Unity.Burst.Editor.BurstLoader.OnEditorApplicationQuitting                         :        1 samples, Peak.  18.6 us (1.0x), Avg.  18.6 us, Total. 18.62 us (0.0%)
[Performance] EditorApplication.quitting: callback in UnityEditor.TextCore.Text.EditorEventCallbacks                         :        1 samples, Peak.  26.2 ms (1.0x), Avg.  26.2 ms, Total. 26.23 ms (0.1%)
[Performance] Killing ADB server                                                                                             :        1 samples, Peak.   113 ms (1.0x), Avg.   113 ms, Total. 113.4 ms (0.5%)
[Performance] Application.Shutdown.PauseProfilerSession                                                                      :        1 samples, Peak.  34.1 us (1.0x), Avg.  34.1 us, Total. 34.12 us (0.0%)
[Performance] Application.Shutdown.PauseAssetImportWorkers                                                                   :        1 samples, Peak.   457 us (1.0x), Avg.   457 us, Total. 457.0 us (0.0%)
[Performance] Application.Shutdown.SaveAssets                                                                                :        1 samples, Peak.  14.2 ms (1.0x), Avg.  14.2 ms, Total. 14.24 ms (0.1%)
[Performance] Application.Shutdown.CleanupRenderPipeline                                                                     :        1 samples, Peak.  5.51 ms (1.0x), Avg.  5.51 ms, Total. 5.513 ms (0.0%)
[Performance] Application.Shutdown.StopPreloadManager                                                                        :        1 samples, Peak.  20.0 ms (1.0x), Avg.  20.0 ms, Total. 19.99 ms (0.1%)
[Performance] Application.Shutdown.DestroyWorld                                                                              :        1 samples, Peak.  1.28 ms (1.0x), Avg.  1.28 ms, Total. 1.280 ms (0.0%)
[Performance] Application.Shutdown.CleanupAfterLoad                                                                          :        1 samples, Peak.   135 ms (1.0x), Avg.   135 ms, Total. 134.9 ms (0.6%)
[Performance] Application.Shutdown.Progress                                                                                  :        1 samples, Peak.  31.8 us (1.0x), Avg.  31.8 us, Total. 31.83 us (0.0%)
[Performance] Application.Shutdown.GICleanupManagers                                                                         :        1 samples, Peak.   798 us (1.0x), Avg.   798 us, Total. 798.2 us (0.0%)
[Performance] Application.Shutdown.MenuCleanupClass                                                                          :        1 samples, Peak.   219 us (1.0x), Avg.   219 us, Total. 218.9 us (0.0%)
[Performance] Application.Shutdown.ADBSaveStateBeforeShutdown                                                                :        1 samples, Peak.   639 us (1.0x), Avg.   639 us, Total. 639.2 us (0.0%)
[Performance] Application.Shutdown.RemoteShutdown                                                                            :        1 samples, Peak.   833 ns (1.0x), Avg.   833 ns, Total. 833.0 ns (0.0%)
[Performance] Application.Shutdown.CleanupVCProvider                                                                         :        1 samples, Peak.  24.6 us (1.0x), Avg.  24.6 us, Total. 24.58 us (0.0%)
[Performance] Application.Shutdown.InputShutdown                                                                             :        1 samples, Peak.   202 us (1.0x), Avg.   202 us, Total. 201.9 us (0.0%)
[Performance] Application.Shutdown.GizmoManagerDestroy                                                                       :        1 samples, Peak.   581 us (1.0x), Avg.   581 us, Total. 581.3 us (0.0%)
[Performance] Application.Shutdown.ProfilerSession                                                                           :        1 samples, Peak.  92.0 us (1.0x), Avg.  92.0 us, Total. 92.00 us (0.0%)
[Performance] Application.Shutdown.ReleaseGfxWindowOnAllGUIViews                                                             :        1 samples, Peak.  12.9 ms (1.0x), Avg.  12.9 ms, Total. 12.93 ms (0.1%)
[Performance] Application.Shutdown.CleanupEngine                                                                             :        1 samples, Peak.   377 ms (1.0x), Avg.   377 ms, Total. 376.7 ms (1.7%)
[Performance] Application.Shutdown.CleanupAssetDatabase                                                                      :        1 samples, Peak.  9.92 ms (1.0x), Avg.  9.92 ms, Total. 9.915 ms (0.0%)
[Performance] Application.Shutdown.ScriptCompilationCleanUp                                                                  :        1 samples, Peak.  27.5 us (1.0x), Avg.  27.5 us, Total. 27.50 us (0.0%)
[Performance] Application.Shutdown.DestroyJobSystem                                                                          :        1 samples, Peak.  94.9 us (1.0x), Avg.  94.9 us, Total. 94.88 us (0.0%)
[Performance] Application.Shutdown.CleanupPersistentManager                                                                  :        1 samples, Peak.  3.88 ms (1.0x), Avg.  3.88 ms, Total. 3.879 ms (0.0%)
[Performance] Application.Shutdown.CleanupAsyncReadManager                                                                   :        1 samples, Peak.   314 us (1.0x), Avg.   314 us, Total. 313.9 us (0.0%)
[Performance] Application.Shutdown.CleanupMono                                                                               :        1 samples, Peak.   352 ms (1.0x), Avg.   352 ms, Total. 351.8 ms (1.6%)
[Performance] Application.Shutdown.CleanupStdConverters                                                                      :        1 samples, Peak.  7.00 us (1.0x), Avg.  7.00 us, Total. 7.000 us (0.0%)
[Performance] Application.Shutdown.UnloadAllPlatformSupportModuleNativeDlls                                                  :        1 samples, Peak.   500 ns (1.0x), Avg.   500 ns, Total. 500.0 ns (0.0%)
[Performance] Application.Shutdown.UnloadAllPlatformSupportNativeLibraries                                                   :        1 samples, Peak.  63.9 us (1.0x), Avg.  63.9 us, Total. 63.87 us (0.0%)
[Performance] Application.Shutdown.CleanupAutoDocumentation                                                                  :        1 samples, Peak.   130 us (1.0x), Avg.   130 us, Total. 130.0 us (0.0%)
[Performance] Application.Shutdown.ShaderNameManagerDestroy                                                                  :        1 samples, Peak.  22.2 us (1.0x), Avg.  22.2 us, Total. 22.21 us (0.0%)
[Performance] Application.Shutdown.CleanupCacheServer                                                                        :        1 samples, Peak.   250 ns (1.0x), Avg.   250 ns, Total. 250.0 ns (0.0%)
[Performance] Application.Shutdown.Virtualization_Shutdown                                                                   :        1 samples, Peak.   333 ns (1.0x), Avg.   333 ns, Total. 333.0 ns (0.0%)
[Performance] Application.Shutdown.DevConnections                                                                            :        1 samples, Peak.  33.6 us (1.0x), Avg.  33.6 us, Total. 33.58 us (0.0%)
Exiting batchmode successfully now!
[Package Manager] Server::Kill -- Server was shutdown
